01:29:35: Creating resource group General
01:29:35: Creating resource group Internal
01:29:35: Creating resource group Autodetect
01:29:35: SceneManagerFactory for type 'DefaultSceneManager' registered.
01:29:35: Registering ResourceManager for type Material
01:29:35: Registering ResourceManager for type Mesh
01:29:35: Registering ResourceManager for type Skeleton
01:29:35: MovableObjectFactory for type 'ParticleSystem' registered.
01:29:35: OverlayElementFactory for type Panel registered.
01:29:35: OverlayElementFactory for type BorderPanel registered.
01:29:35: OverlayElementFactory for type TextArea registered.
01:29:35: Registering ResourceManager for type Font
01:29:35: ArchiveFactory for archive type FileSystem registered.
01:29:35: ArchiveFactory for archive type Zip registered.
01:29:35: DDS codec registering
01:29:35: FreeImage version: 3.13.1
01:29:35: This program uses FreeImage, a free, open source image library supporting all common bitmap formats. See http://freeimage.sourceforge.net for details
01:29:35: Supported formats: bmp,ico,jpg,jif,jpeg,jpe,jng,koa,iff,lbm,mng,pbm,pbm,pcd,pcx,pgm,pgm,png,ppm,ppm,ras,tga,targa,tif,tiff,wap,wbmp,wbm,psd,cut,xbm,xpm,gif,hdr,g3,sgi,exr,j2k,j2c,jp2,pfm,pct,pict,pic,bay,bmq,cr2,crw,cs1,dc2,dcr,dng,erf,fff,hdr,k25,kdc,mdc,mos,mrw,nef,orf,pef,pxn,raf,raw,rdc,sr2,srf,arw,3fr,cine,ia,kc2,mef,nrw,qtk,rw2,sti,drf,dsc,ptx,cap,iiq,rwz
01:29:35: Registering ResourceManager for type HighLevelGpuProgram
01:29:35: Registering ResourceManager for type Compositor
01:29:36: MovableObjectFactory for type 'Entity' registered.
01:29:36: MovableObjectFactory for type 'Light' registered.
01:29:36: MovableObjectFactory for type 'BillboardSet' registered.
01:29:36: MovableObjectFactory for type 'ManualObject' registered.
01:29:36: MovableObjectFactory for type 'BillboardChain' registered.
01:29:36: MovableObjectFactory for type 'RibbonTrail' registered.
01:29:36: Loading library .\RenderSystem_Direct3D9
01:29:36: Installing plugin: D3D9 RenderSystem
01:29:36: D3D9 : Direct3D9 Rendering Subsystem created.
01:29:36: D3D9: Driver Detection Starts
01:29:36: D3D9: Driver Detection Ends
01:29:36: Plugin successfully installed
01:29:36: Loading library .\RenderSystem_GL
01:29:36: Installing plugin: GL RenderSystem
01:29:36: OpenGL Rendering Subsystem created.
01:29:38: Plugin successfully installed
01:29:38: Loading library .\Plugin_ParticleFX
01:29:38: Installing plugin: ParticleFX
01:29:38: Particle Emitter Type 'Point' registered
01:29:38: Particle Emitter Type 'Box' registered
01:29:38: Particle Emitter Type 'Ellipsoid' registered
01:29:38: Particle Emitter Type 'Cylinder' registered
01:29:38: Particle Emitter Type 'Ring' registered
01:29:38: Particle Emitter Type 'HollowEllipsoid' registered
01:29:38: Particle Affector Type 'LinearForce' registered
01:29:38: Particle Affector Type 'ColourFader' registered
01:29:38: Particle Affector Type 'ColourFader2' registered
01:29:38: Particle Affector Type 'ColourImage' registered
01:29:38: Particle Affector Type 'ColourInterpolator' registered
01:29:38: Particle Affector Type 'Scaler' registered
01:29:38: Particle Affector Type 'Rotator' registered
01:29:38: Particle Affector Type 'DirectionRandomiser' registered
01:29:38: Particle Affector Type 'DeflectorPlane' registered
01:29:38: Plugin successfully installed
01:29:38: Loading library .\Plugin_BSPSceneManager
01:29:38: Installing plugin: BSP Scene Manager
01:29:38: Plugin successfully installed
01:29:38: Loading library .\Plugin_CgProgramManager
01:29:39: Installing plugin: Cg Program Manager
01:29:39: Plugin successfully installed
01:29:39: Loading library .\Plugin_PCZSceneManager
01:29:39: Installing plugin: Portal Connected Zone Scene Manager
01:29:39: PCZone Factory Type 'ZoneType_Default' registered
01:29:39: Plugin successfully installed
01:29:39: Loading library .\Plugin_OctreeZone
01:29:39: Installing plugin: Octree Zone Factory
01:29:39: Plugin successfully installed
01:29:39: Loading library .\Plugin_OctreeSceneManager
01:29:39: Installing plugin: Octree & Terrain Scene Manager
01:29:39: Plugin successfully installed
01:29:39: *-*-* OGRE Initialising
01:29:39: *-*-* Version 1.7.1 (Cthugha)
01:29:39: Creating resource group CEGUI
01:29:39: Added resource location 'media/UI/animations' of type 'FileSystem' to resource group 'CEGUI'
01:29:39: Added resource location 'media/UI/configs' of type 'FileSystem' to resource group 'CEGUI'
01:29:39: Added resource location 'media/UI/imagesets' of type 'FileSystem' to resource group 'CEGUI'
01:29:39: Added resource location 'media/UI/layouts' of type 'FileSystem' to resource group 'CEGUI'
01:29:39: Added resource location 'media/UI/looknfeel' of type 'FileSystem' to resource group 'CEGUI'
01:29:39: Added resource location 'media/UI/lua_scripts' of type 'FileSystem' to resource group 'CEGUI'
01:29:39: Added resource location 'media/UI/schemes' of type 'FileSystem' to resource group 'CEGUI'
01:29:39: Added resource location 'media/UI/xml_schemas' of type 'FileSystem' to resource group 'CEGUI'
01:29:39: Added resource location 'media/UI/fonts' of type 'FileSystem' to resource group 'CEGUI'
01:29:39: Added resource location 'media' of type 'FileSystem' to resource group 'General'
01:29:39: Creating resource group Popular
01:29:39: Added resource location 'media/materials/textures' of type 'FileSystem' to resource group 'Popular'
01:29:39: Added resource location 'media/materials/scripts' of type 'FileSystem' to resource group 'Popular'
01:29:39: Added resource location 'media/models' of type 'FileSystem' to resource group 'Popular'
01:29:39: Added resource location 'media/music' of type 'FileSystem' to resource group 'Popular'
01:29:39: Added resource location 'media/sfx' of type 'FileSystem' to resource group 'Popular'
01:29:39: Added resource location 'media/packs/Sinbad.zip' of type 'Zip' to resource group 'Popular'
01:29:39: Added resource location 'media/packs/Skybox.zip' of type 'Zip' to resource group 'Popular'
01:29:39: Parsing scripts for resource group Autodetect
01:29:39: Finished parsing scripts for resource group Autodetect
01:29:39: Parsing scripts for resource group CEGUI
01:29:39: Finished parsing scripts for resource group CEGUI
01:29:39: Parsing scripts for resource group General
01:29:39: Finished parsing scripts for resource group General
01:29:39: Parsing scripts for resource group Internal
01:29:39: Finished parsing scripts for resource group Internal
01:29:39: Parsing scripts for resource group Popular
01:29:39: Parsing script Examples.material
01:29:39: Parsing script ground.material
01:29:39: Parsing script Hut.material
01:29:39: Parsing script Huts.material
01:29:39: Parsing script Igloo.material
01:29:39: Parsing script Sinbad.material
01:29:40: Parsing script Axe.material
01:29:40: Parsing script Sword02.material
01:29:40: Finished parsing scripts for resource group Popular
01:29:40: D3D9 : RenderSystem Option: Allow NVPerfHUD = No
01:29:40: D3D9 : RenderSystem Option: FSAA = 0
01:29:40: D3D9 : RenderSystem Option: Floating-point mode = Fastest
01:29:40: D3D9 : RenderSystem Option: Full Screen = No
01:29:40: D3D9 : RenderSystem Option: Rendering Device = Monitor-1-NVIDIA GeForce GTX 260
01:29:40: D3D9 : RenderSystem Option: Resource Creation Policy = Create on all devices
01:29:40: D3D9 : RenderSystem Option: VSync = No
01:29:40: D3D9 : RenderSystem Option: VSync Interval = 1
01:29:40: D3D9 : RenderSystem Option: Video Mode = 1024 x 768 @ 32-bit colour
01:29:40: D3D9 : RenderSystem Option: sRGB Gamma Conversion = No
01:29:40: CPU Identifier & Features
01:29:40: -------------------------
01:29:40:  *   CPU ID: GenuineIntel: Intel(R) Core(TM)2 Duo CPU     E8400  @ 3.00GHz
01:29:40:  *      SSE: yes
01:29:40:  *     SSE2: yes
01:29:40:  *     SSE3: yes
01:29:40:  *      MMX: yes
01:29:40:  *   MMXEXT: yes
01:29:40:  *    3DNOW: no
01:29:40:  * 3DNOWEXT: no
01:29:40:  *     CMOV: yes
01:29:40:  *      TSC: yes
01:29:40:  *      FPU: yes
01:29:40:  *      PRO: yes
01:29:40:  *       HT: no
01:29:40: -------------------------
01:29:40: D3D9 : Subsystem Initialising
01:29:40: Registering ResourceManager for type Texture
01:29:40: Registering ResourceManager for type GpuProgram
01:29:40: D3D9RenderSystem::_createRenderWindow "OGRE", 1024x768 windowed  miscParams: FSAA=0 FSAAHint= colourDepth=32 gamma=false monitorIndex=0 useNVPerfHUD=false vsync=false vsyncInterval=1 
01:29:40: D3D9 : Created D3D9 Rendering Window 'OGRE' : 1024x768, 32bpp
01:29:40: D3D9 : WARNING - disabling VSync in windowed mode can cause timing issues at lower frame rates, turn VSync on if you observe this problem.
01:29:40: D3D9: Vertex texture format supported - PF_FLOAT16_RGB
01:29:40: D3D9: Vertex texture format supported - PF_FLOAT16_RGBA
01:29:40: D3D9: Vertex texture format supported - PF_FLOAT32_RGB
01:29:40: D3D9: Vertex texture format supported - PF_FLOAT32_RGBA
01:29:40: D3D9: Vertex texture format supported - PF_FLOAT16_R
01:29:40: D3D9: Vertex texture format supported - PF_FLOAT32_R
01:29:40: D3D9: Vertex texture format supported - PF_FLOAT16_GR
01:29:40: D3D9: Vertex texture format supported - PF_FLOAT32_GR
01:29:40: RenderSystem capabilities
01:29:40: -------------------------
01:29:40: RenderSystem Name: Direct3D9 Rendering Subsystem
01:29:40: GPU Vendor: nvidia
01:29:40: Device Name: Monitor-1-NVIDIA GeForce GTX 260
01:29:40: Driver Version: 8.17.12.8538
01:29:40:  * Fixed function pipeline: yes
01:29:40:  * Hardware generation of mipmaps: yes
01:29:40:  * Texture blending: yes
01:29:40:  * Anisotropic texture filtering: yes
01:29:40:  * Dot product texture operation: yes
01:29:40:  * Cube mapping: yes
01:29:40:  * Hardware stencil buffer: yes
01:29:40:    - Stencil depth: 8
01:29:40:    - Two sided stencil support: yes
01:29:40:    - Wrap stencil values: yes
01:29:40:  * Hardware vertex / index buffers: yes
01:29:40:  * Vertex programs: yes
01:29:40:  * Number of floating-point constants for vertex programs: 256
01:29:40:  * Number of integer constants for vertex programs: 16
01:29:40:  * Number of boolean constants for vertex programs: 16
01:29:40:  * Fragment programs: yes
01:29:40:  * Number of floating-point constants for fragment programs: 224
01:29:40:  * Number of integer constants for fragment programs: 16
01:29:40:  * Number of boolean constants for fragment programs: 16
01:29:40:  * Geometry programs: no
01:29:40:  * Number of floating-point constants for geometry programs: 0
01:29:40:  * Number of integer constants for geometry programs: 0
01:29:40:  * Number of boolean constants for geometry programs: 0
01:29:40:  * Supported Shader Profiles: hlsl ps_1_1 ps_1_2 ps_1_3 ps_1_4 ps_2_0 ps_2_a ps_2_b ps_2_x ps_3_0 vs_1_1 vs_2_0 vs_2_a vs_2_x vs_3_0
01:29:40:  * Texture Compression: yes
01:29:40:    - DXT: yes
01:29:40:    - VTC: no
01:29:40:    - PVRTC: no
01:29:40:  * Scissor Rectangle: yes
01:29:40:  * Hardware Occlusion Query: yes
01:29:40:  * User clip planes: yes
01:29:40:  * VET_UBYTE4 vertex element type: yes
01:29:40:  * Infinite far plane projection: yes
01:29:40:  * Hardware render-to-texture: yes
01:29:40:  * Floating point textures: yes
01:29:40:  * Non-power-of-two textures: yes
01:29:40:  * Volume textures: yes
01:29:40:  * Multiple Render Targets: 4
01:29:40:    - With different bit depths: yes
01:29:40:  * Point Sprites: yes
01:29:40:  * Extended point parameters: yes
01:29:40:  * Max Point Size: 10
01:29:40:  * Vertex texture fetch: yes
01:29:40:  * Number of world matrices: 0
01:29:40:  * Number of texture units: 8
01:29:40:  * Stencil buffer depth: 8
01:29:40:  * Number of vertex blend matrices: 0
01:29:40:    - Max vertex textures: 4
01:29:40:    - Vertex textures shared: no
01:29:40:  * Render to Vertex Buffer : no
01:29:40:  * DirectX per stage constants: yes
01:29:40: ***************************************
01:29:40: *** D3D9 : Subsystem Initialised OK ***
01:29:40: ***************************************
01:29:40: DefaultWorkQueue('Root') initialising on thread 00422060.
01:29:40: Particle Renderer Type 'billboard' registered
01:29:40: DefaultWorkQueue('Root')::WorkerFunc - thread 004512C8 starting.
01:29:40: DefaultWorkQueue('Root')::WorkerFunc - thread 004512F8 starting.
01:29:40: SceneManagerFactory for type 'BspSceneManager' registered.
01:29:40: Registering ResourceManager for type BspLevel
01:29:40: SceneManagerFactory for type 'PCZSceneManager' registered.
01:29:40: MovableObjectFactory for type 'PCZLight' registered.
01:29:40: MovableObjectFactory for type 'Portal' registered.
01:29:40: MovableObjectFactory for type 'AntiPortal' registered.
01:29:40: PCZone Factory Type 'ZoneType_Octree' registered
01:29:40: PCZone Factory Type 'ZoneType_Terrain' registered
01:29:40: SceneManagerFactory for type 'OctreeSceneManager' registered.
01:29:40: SceneManagerFactory for type 'TerrainSceneManager' registered.
01:29:40: Mesh: Loading Sword.mesh.
01:29:40: WARNING: Sword.mesh is an older format ([MeshSerializer_v1.40]); you should upgrade it as soon as possible using the OgreMeshUpgrade tool.
01:29:40: Texture: sinbad_sword.tga: Loading 1 faces(PF_R8G8B8,256x256x1) with  hardware generated mipmaps from Image. Internal format is PF_X8R8G8B8,256x256x1.
01:29:41: Texture: _cegui_ogre_0: Loading 1 faces(PF_A8B8G8R8,256x256x1) with 0 generated mipmaps from Image. Internal format is PF_A8R8G8B8,256x256x1.
01:29:41: Texture: _cegui_ogre_1: Loading 1 faces(PF_A8B8G8R8,128x128x1) with 0 generated mipmaps from Image. Internal format is PF_A8R8G8B8,128x128x1.
01:29:41: Texture: _cegui_ogre_2: Loading 1 faces(PF_A8B8G8R8,128x128x1) with 0 generated mipmaps from Image. Internal format is PF_A8R8G8B8,128x128x1.
01:29:42: Texture: _cegui_ogre_3: Loading 1 faces(PF_A8B8G8R8,1024x768x1) with 0 generated mipmaps from Image. Internal format is PF_A8R8G8B8,1024x768x1.
01:29:42: Texture: _cegui_ogre_4: Loading 1 faces(PF_A8B8G8R8,680x178x1) with 0 generated mipmaps from Image. Internal format is PF_A8R8G8B8,680x178x1.
01:29:49: Texture: _cegui_ogre_5: Loading 1 faces(PF_B8G8R8,1024x768x1) with 0 generated mipmaps from Image. Internal format is PF_X8R8G8B8,1024x768x1.
01:29:49: Texture: _cegui_ogre_6: Loading 1 faces(PF_A8B8G8R8,256x256x1) with 0 generated mipmaps from Image. Internal format is PF_A8R8G8B8,256x256x1.
01:29:59: Texture: _cegui_ogre_7: Loading 1 faces(PF_B8G8R8,1024x768x1) with 0 generated mipmaps from Image. Internal format is PF_X8R8G8B8,1024x768x1.
01:29:59: Texture: _cegui_ogre_8: Loading 1 faces(PF_B8G8R8,239x211x1) with 0 generated mipmaps from Image. Internal format is PF_X8R8G8B8,239x211x1.
01:30:02: Texture: _cegui_ogre_9: Loading 1 faces(PF_B8G8R8,1024x768x1) with 0 generated mipmaps from Image. Internal format is PF_X8R8G8B8,1024x768x1.
