19/08/2011 22:51:56 (Std) 	+-+-+-+-+-+-+-+-+-+-+-+-+-+-+-+-+-+-+-+-+-+-+-+-+-+-+-+-+-+-+-+-+-+-+-+-+-+-+-+
19/08/2011 22:51:56 (Std) 	+                     Crazy Eddie's GUI System - Event log                    +
19/08/2011 22:51:56 (Std) 	+                          (http://www.cegui.org.uk/)                         +
19/08/2011 22:51:56 (Std) 	+-+-+-+-+-+-+-+-+-+-+-+-+-+-+-+-+-+-+-+-+-+-+-+-+-+-+-+-+-+-+-+-+-+-+-+-+-+-+-+

19/08/2011 22:51:56 (Std) 	CEGUI::Logger singleton created. (025C7458)
19/08/2011 22:51:56 (Std) 	
19/08/2011 22:51:56 (Std) 	********************************************************************************
19/08/2011 22:51:56 (Std) 	* Important:                                                                   *
19/08/2011 22:51:56 (Std) 	*     To get support at the CEGUI forums, you must post _at least_ the section *
19/08/2011 22:51:56 (Std) 	*     of this log file indicated below.  Failure to do this will result in no  *
19/08/2011 22:51:56 (Std) 	*     support being given; please do not waste our time.                       *
19/08/2011 22:51:56 (Std) 	********************************************************************************
19/08/2011 22:51:56 (Std) 	********************************************************************************
19/08/2011 22:51:56 (Std) 	* -------- START OF ESSENTIAL SECTION TO BE POSTED ON THE FORUM       -------- *
19/08/2011 22:51:56 (Std) 	********************************************************************************
19/08/2011 22:51:56 (Std) 	---- Version 0.7.2 (Build: Aug 28 2010 Debug Microsoft Windows MSVC++ 10.0 32 bit) ----
19/08/2011 22:51:56 (Std) 	---- Renderer module is: CEGUI::OgreRenderer - Official OGRE based 2nd generation renderer module. ----
19/08/2011 22:51:56 (Std) 	---- XML Parser module is: CEGUI::ExpatParser - Official expat based parser module for CEGUI ----
19/08/2011 22:51:56 (Std) 	---- Image Codec module is: OgreImageCodec - Integrated ImageCodec using the Ogre engine. ----
19/08/2011 22:51:56 (Std) 	---- Scripting module is: None ----
19/08/2011 22:51:56 (Std) 	********************************************************************************
19/08/2011 22:51:56 (Std) 	* -------- END OF ESSENTIAL SECTION TO BE POSTED ON THE FORUM         -------- *
19/08/2011 22:51:56 (Std) 	********************************************************************************
19/08/2011 22:51:56 (Std) 	
19/08/2011 22:51:56 (Std) 	---- Begining CEGUI System initialisation ----
19/08/2011 22:51:56 (Std) 	CEGUI::ImagesetManager singleton created (025C3418)
19/08/2011 22:51:56 (Std) 	CEGUI::FontManager singleton created. (025C8790)
19/08/2011 22:51:56 (Std) 	CEGUI::WindowFactoryManager singleton created
19/08/2011 22:51:56 (Std) 	CEGUI::WindowManager singleton created (025C9178)
19/08/2011 22:51:56 (Std) 	CEGUI::SchemeManager singleton created. (025CA520)
19/08/2011 22:51:56 (Std) 	CEGUI::MouseCursor singleton created. (025CA888)
19/08/2011 22:51:56 (Std) 	CEGUI::GlobalEventSet singleton created. (025CB300)
19/08/2011 22:51:56 (Std) 	CEGUI::AnimationManager singleton created (025CB490)
19/08/2011 22:51:56 (Std) 	CEGUI::WidgetLookManager singleton created. (025CBC98)
19/08/2011 22:51:56 (Std) 	CEGUI::WindowRendererManager singleton created (025CBDD0)
19/08/2011 22:51:56 (Std) 	CEGUI::RenderEffectManager singleton created (025CC310)
19/08/2011 22:51:56 (Std) 	Created WindowFactory for 'DefaultWindow' windows.
19/08/2011 22:51:56 (Std) 	WindowFactory for 'DefaultWindow' windows added. (025CCB08)
19/08/2011 22:51:56 (Std) 	Created WindowFactory for 'DragContainer' windows.
19/08/2011 22:51:56 (Std) 	WindowFactory for 'DragContainer' windows added. (025CCDB0)
19/08/2011 22:51:56 (Std) 	Created WindowFactory for 'ScrolledContainer' windows.
19/08/2011 22:51:56 (Std) 	WindowFactory for 'ScrolledContainer' windows added. (025CCFB8)
19/08/2011 22:51:56 (Std) 	Created WindowFactory for 'ClippedContainer' windows.
19/08/2011 22:51:56 (Std) 	WindowFactory for 'ClippedContainer' windows added. (025CD348)
19/08/2011 22:51:56 (Std) 	Created WindowFactory for 'CEGUI/Checkbox' windows.
19/08/2011 22:51:56 (Std) 	WindowFactory for 'CEGUI/Checkbox' windows added. (025CD648)
19/08/2011 22:51:56 (Std) 	Created WindowFactory for 'CEGUI/PushButton' windows.
19/08/2011 22:51:56 (Std) 	WindowFactory for 'CEGUI/PushButton' windows added. (025CD808)
19/08/2011 22:51:56 (Std) 	Created WindowFactory for 'CEGUI/RadioButton' windows.
19/08/2011 22:51:56 (Std) 	WindowFactory for 'CEGUI/RadioButton' windows added. (025CDA68)
19/08/2011 22:51:56 (Std) 	Created WindowFactory for 'CEGUI/Combobox' windows.
19/08/2011 22:51:56 (Std) 	WindowFactory for 'CEGUI/Combobox' windows added. (025CDC28)
19/08/2011 22:51:56 (Std) 	Created WindowFactory for 'CEGUI/ComboDropList' windows.
19/08/2011 22:51:56 (Std) 	WindowFactory for 'CEGUI/ComboDropList' windows added. (025CDDE8)
19/08/2011 22:51:56 (Std) 	Created WindowFactory for 'CEGUI/Editbox' windows.
19/08/2011 22:51:56 (Std) 	WindowFactory for 'CEGUI/Editbox' windows added. (025CDFA8)
19/08/2011 22:51:56 (Std) 	Created WindowFactory for 'CEGUI/FrameWindow' windows.
19/08/2011 22:51:56 (Std) 	WindowFactory for 'CEGUI/FrameWindow' windows added. (025CE168)
19/08/2011 22:51:56 (Std) 	Created WindowFactory for 'CEGUI/ItemEntry' windows.
19/08/2011 22:51:56 (Std) 	WindowFactory for 'CEGUI/ItemEntry' windows added. (025CE328)
19/08/2011 22:51:56 (Std) 	Created WindowFactory for 'CEGUI/Listbox' windows.
19/08/2011 22:51:56 (Std) 	WindowFactory for 'CEGUI/Listbox' windows added. (025CE4E8)
19/08/2011 22:51:56 (Std) 	Created WindowFactory for 'CEGUI/ListHeader' windows.
19/08/2011 22:51:56 (Std) 	WindowFactory for 'CEGUI/ListHeader' windows added. (025CE6A8)
19/08/2011 22:51:56 (Std) 	Created WindowFactory for 'CEGUI/ListHeaderSegment' windows.
19/08/2011 22:51:56 (Std) 	WindowFactory for 'CEGUI/ListHeaderSegment' windows added. (025CE868)
19/08/2011 22:51:56 (Std) 	Created WindowFactory for 'CEGUI/Menubar' windows.
19/08/2011 22:51:56 (Std) 	WindowFactory for 'CEGUI/Menubar' windows added. (025CEAF8)
19/08/2011 22:51:56 (Std) 	Created WindowFactory for 'CEGUI/PopupMenu' windows.
19/08/2011 22:51:56 (Std) 	WindowFactory for 'CEGUI/PopupMenu' windows added. (025CECB8)
19/08/2011 22:51:56 (Std) 	Created WindowFactory for 'CEGUI/MenuItem' windows.
19/08/2011 22:51:56 (Std) 	WindowFactory for 'CEGUI/MenuItem' windows added. (025CEE78)
19/08/2011 22:51:56 (Std) 	Created WindowFactory for 'CEGUI/MultiColumnList' windows.
19/08/2011 22:51:56 (Std) 	WindowFactory for 'CEGUI/MultiColumnList' windows added. (025CF038)
19/08/2011 22:51:56 (Std) 	Created WindowFactory for 'CEGUI/MultiLineEditbox' windows.
19/08/2011 22:51:56 (Std) 	WindowFactory for 'CEGUI/MultiLineEditbox' windows added. (025CF1F8)
19/08/2011 22:51:56 (Std) 	Created WindowFactory for 'CEGUI/ProgressBar' windows.
19/08/2011 22:51:56 (Std) 	WindowFactory for 'CEGUI/ProgressBar' windows added. (025CF3B8)
19/08/2011 22:51:56 (Std) 	Created WindowFactory for 'CEGUI/ScrollablePane' windows.
19/08/2011 22:51:56 (Std) 	WindowFactory for 'CEGUI/ScrollablePane' windows added. (025CF578)
19/08/2011 22:51:56 (Std) 	Created WindowFactory for 'CEGUI/Scrollbar' windows.
19/08/2011 22:51:56 (Std) 	WindowFactory for 'CEGUI/Scrollbar' windows added. (025CF738)
19/08/2011 22:51:56 (Std) 	Created WindowFactory for 'CEGUI/Slider' windows.
19/08/2011 22:51:56 (Std) 	WindowFactory for 'CEGUI/Slider' windows added. (025CF8F8)
19/08/2011 22:51:56 (Std) 	Created WindowFactory for 'CEGUI/Spinner' windows.
19/08/2011 22:51:56 (Std) 	WindowFactory for 'CEGUI/Spinner' windows added. (025CFAB8)
19/08/2011 22:51:56 (Std) 	Created WindowFactory for 'CEGUI/TabButton' windows.
19/08/2011 22:51:56 (Std) 	WindowFactory for 'CEGUI/TabButton' windows added. (025CFC78)
19/08/2011 22:51:56 (Std) 	Created WindowFactory for 'CEGUI/TabControl' windows.
19/08/2011 22:51:56 (Std) 	WindowFactory for 'CEGUI/TabControl' windows added. (025CFE38)
19/08/2011 22:51:56 (Std) 	Created WindowFactory for 'CEGUI/Thumb' windows.
19/08/2011 22:51:56 (Std) 	WindowFactory for 'CEGUI/Thumb' windows added. (025CFFF8)
19/08/2011 22:51:56 (Std) 	Created WindowFactory for 'CEGUI/Titlebar' windows.
19/08/2011 22:51:56 (Std) 	WindowFactory for 'CEGUI/Titlebar' windows added. (025D01B8)
19/08/2011 22:51:56 (Std) 	Created WindowFactory for 'CEGUI/Tooltip' windows.
19/08/2011 22:51:56 (Std) 	WindowFactory for 'CEGUI/Tooltip' windows added. (025D0460)
19/08/2011 22:51:56 (Std) 	Created WindowFactory for 'CEGUI/ItemListbox' windows.
19/08/2011 22:51:56 (Std) 	WindowFactory for 'CEGUI/ItemListbox' windows added. (025D0620)
19/08/2011 22:51:56 (Std) 	Created WindowFactory for 'CEGUI/GroupBox' windows.
19/08/2011 22:51:56 (Std) 	WindowFactory for 'CEGUI/GroupBox' windows added. (025D07E0)
19/08/2011 22:51:56 (Std) 	Created WindowFactory for 'CEGUI/Tree' windows.
19/08/2011 22:51:56 (Std) 	WindowFactory for 'CEGUI/Tree' windows added. (025D09A0)
19/08/2011 22:51:56 (Std) 	Created WindowFactory for 'HorizontalLayoutContainer' windows.
19/08/2011 22:51:56 (Std) 	WindowFactory for 'HorizontalLayoutContainer' windows added. (025D0B60)
19/08/2011 22:51:56 (Std) 	Created WindowFactory for 'VerticalLayoutContainer' windows.
19/08/2011 22:51:56 (Std) 	WindowFactory for 'VerticalLayoutContainer' windows added. (025D0D20)
19/08/2011 22:51:56 (Std) 	Created WindowFactory for 'GridLayoutContainer' windows.
19/08/2011 22:51:56 (Std) 	WindowFactory for 'GridLayoutContainer' windows added. (025D0EE0)
19/08/2011 22:51:56 (Std) 	Window type alias named 'DefaultGUISheet' added for window type 'DefaultWindow'.
19/08/2011 22:51:56 (Std) 	CEGUI::System singleton created. (025C3120)
19/08/2011 22:51:56 (Std) 	---- CEGUI System initialisation completed ----
19/08/2011 22:51:56 (Std) 	
19/08/2011 22:51:56 (Std) 	Started creation of Scheme from XML specification:
19/08/2011 22:51:56 (Std) 	---- CEGUI GUIScheme name: TaharezLook
19/08/2011 22:51:56 (Std) 	Started creation of Imageset from XML specification:
19/08/2011 22:51:56 (Std) 	---- CEGUI Imageset name: TaharezLook
19/08/2011 22:51:56 (Std) 	---- Source texture file: TaharezLook.tga in resource group: (Default)
19/08/2011 22:51:56 (Std) 	Started creation of Font from XML specification:
19/08/2011 22:51:56 (Std) 	---- CEGUI font name: DejaVuSans-Bold
19/08/2011 22:51:56 (Std) 	----       Font type: FreeType
19/08/2011 22:51:56 (Std) 	----     Source file: DejaVuSans-Bold.ttf in resource group: (Default)
19/08/2011 22:51:56 (Std) 	---- Real point size: 12
19/08/2011 22:51:57 (Std) 	Started creation of Font from XML specification:
19/08/2011 22:51:57 (Std) 	---- CEGUI font name: DejaVuSans-10
19/08/2011 22:51:57 (Std) 	----       Font type: FreeType
19/08/2011 22:51:57 (Std) 	----     Source file: DejaVuSans.ttf in resource group: (Default)
19/08/2011 22:51:57 (Std) 	---- Real point size: 10
19/08/2011 22:51:57 (Std) 	===== Falagard 'root' element: look and feel parsing begins =====
19/08/2011 22:51:58 (Std) 	===== Look and feel parsing completed =====
19/08/2011 22:51:58 (Std) 	No window renderer factories specified for module 'CEGUIFalagardWRBase' - adding all available factories...
19/08/2011 22:51:58 (Std) 	Created WindowRendererFactory for 'Falagard/Button' WindowRenderers.
19/08/2011 22:51:58 (Std) 	WindowRendererFactory 'Falagard/Button' added. (025D6820)
19/08/2011 22:51:58 (Std) 	Created WindowRendererFactory for 'Falagard/Default' WindowRenderers.
19/08/2011 22:51:58 (Std) 	WindowRendererFactory 'Falagard/Default' added. (07E6DA78)
19/08/2011 22:51:58 (Std) 	Created WindowRendererFactory for 'Falagard/Editbox' WindowRenderers.
19/08/2011 22:51:58 (Std) 	WindowRendererFactory 'Falagard/Editbox' added. (07E07A98)
19/08/2011 22:51:58 (Std) 	Created WindowRendererFactory for 'Falagard/FrameWindow' WindowRenderers.
19/08/2011 22:51:58 (Std) 	WindowRendererFactory 'Falagard/FrameWindow' added. (07CD1CA8)
19/08/2011 22:51:58 (Std) 	Created WindowRendererFactory for 'Falagard/ItemEntry' WindowRenderers.
19/08/2011 22:51:58 (Std) 	WindowRendererFactory 'Falagard/ItemEntry' added. (025D2008)
19/08/2011 22:51:58 (Std) 	Created WindowRendererFactory for 'Falagard/ListHeader' WindowRenderers.
19/08/2011 22:51:58 (Std) 	WindowRendererFactory 'Falagard/ListHeader' added. (025D5500)
19/08/2011 22:51:58 (Std) 	Created WindowRendererFactory for 'Falagard/ListHeaderSegment' WindowRenderers.
19/08/2011 22:51:58 (Std) 	WindowRendererFactory 'Falagard/ListHeaderSegment' added. (07CD1E20)
19/08/2011 22:51:58 (Std) 	Created WindowRendererFactory for 'Falagard/Listbox' WindowRenderers.
19/08/2011 22:51:58 (Std) 	WindowRendererFactory 'Falagard/Listbox' added. (07E33A28)
19/08/2011 22:51:58 (Std) 	Created WindowRendererFactory for 'Falagard/Menubar' WindowRenderers.
19/08/2011 22:51:58 (Std) 	WindowRendererFactory 'Falagard/Menubar' added. (07E4FC60)
19/08/2011 22:51:58 (Std) 	Created WindowRendererFactory for 'Falagard/MenuItem' WindowRenderers.
19/08/2011 22:51:58 (Std) 	WindowRendererFactory 'Falagard/MenuItem' added. (07CD72D0)
19/08/2011 22:51:58 (Std) 	Created WindowRendererFactory for 'Falagard/MultiColumnList' WindowRenderers.
19/08/2011 22:51:58 (Std) 	WindowRendererFactory 'Falagard/MultiColumnList' added. (07E083D8)
19/08/2011 22:51:58 (Std) 	Created WindowRendererFactory for 'Falagard/MultiLineEditbox' WindowRenderers.
19/08/2011 22:51:58 (Std) 	WindowRendererFactory 'Falagard/MultiLineEditbox' added. (07E084B0)
19/08/2011 22:51:58 (Std) 	Created WindowRendererFactory for 'Falagard/PopupMenu' WindowRenderers.
19/08/2011 22:51:58 (Std) 	WindowRendererFactory 'Falagard/PopupMenu' added. (07E9C760)
19/08/2011 22:51:58 (Std) 	Created WindowRendererFactory for 'Falagard/ProgressBar' WindowRenderers.
19/08/2011 22:51:58 (Std) 	WindowRendererFactory 'Falagard/ProgressBar' added. (07E9C920)
19/08/2011 22:51:58 (Std) 	Created WindowRendererFactory for 'Falagard/ScrollablePane' WindowRenderers.
19/08/2011 22:51:58 (Std) 	WindowRendererFactory 'Falagard/ScrollablePane' added. (07E9CAE0)
19/08/2011 22:51:58 (Std) 	Created WindowRendererFactory for 'Falagard/Scrollbar' WindowRenderers.
19/08/2011 22:51:58 (Std) 	WindowRendererFactory 'Falagard/Scrollbar' added. (07EAC508)
19/08/2011 22:51:58 (Std) 	Created WindowRendererFactory for 'Falagard/Slider' WindowRenderers.
19/08/2011 22:51:58 (Std) 	WindowRendererFactory 'Falagard/Slider' added. (07EAC6C8)
19/08/2011 22:51:58 (Std) 	Created WindowRendererFactory for 'Falagard/Static' WindowRenderers.
19/08/2011 22:51:58 (Std) 	WindowRendererFactory 'Falagard/Static' added. (07EAC888)
19/08/2011 22:51:58 (Std) 	Created WindowRendererFactory for 'Falagard/StaticImage' WindowRenderers.
19/08/2011 22:51:58 (Std) 	WindowRendererFactory 'Falagard/StaticImage' added. (07EACA48)
19/08/2011 22:51:58 (Std) 	Created WindowRendererFactory for 'Falagard/StaticText' WindowRenderers.
19/08/2011 22:51:58 (Std) 	WindowRendererFactory 'Falagard/StaticText' added. (07EB1540)
19/08/2011 22:51:58 (Std) 	Created WindowRendererFactory for 'Falagard/SystemButton' WindowRenderers.
19/08/2011 22:51:58 (Std) 	WindowRendererFactory 'Falagard/SystemButton' added. (07EB1700)
19/08/2011 22:51:58 (Std) 	Created WindowRendererFactory for 'Falagard/TabButton' WindowRenderers.
19/08/2011 22:51:58 (Std) 	WindowRendererFactory 'Falagard/TabButton' added. (07EB18C0)
19/08/2011 22:51:58 (Std) 	Created WindowRendererFactory for 'Falagard/TabControl' WindowRenderers.
19/08/2011 22:51:58 (Std) 	WindowRendererFactory 'Falagard/TabControl' added. (07EB1A80)
19/08/2011 22:51:58 (Std) 	Created WindowRendererFactory for 'Falagard/Titlebar' WindowRenderers.
19/08/2011 22:51:58 (Std) 	WindowRendererFactory 'Falagard/Titlebar' added. (07EAEFD8)
19/08/2011 22:51:58 (Std) 	Created WindowRendererFactory for 'Falagard/ToggleButton' WindowRenderers.
19/08/2011 22:51:58 (Std) 	WindowRendererFactory 'Falagard/ToggleButton' added. (07EAF198)
19/08/2011 22:51:58 (Std) 	Created WindowRendererFactory for 'Falagard/Tooltip' WindowRenderers.
19/08/2011 22:51:58 (Std) 	WindowRendererFactory 'Falagard/Tooltip' added. (07EAF358)
19/08/2011 22:51:58 (Std) 	Created WindowRendererFactory for 'Falagard/ItemListbox' WindowRenderers.
19/08/2011 22:51:58 (Std) 	WindowRendererFactory 'Falagard/ItemListbox' added. (07EAF518)
19/08/2011 22:51:58 (Std) 	Created WindowRendererFactory for 'Falagard/Tree' WindowRenderers.
19/08/2011 22:51:58 (Std) 	WindowRendererFactory 'Falagard/Tree' added. (07EAF6D8)
19/08/2011 22:51:58 (Std) 	Creating falagard mapping for type 'TaharezLook/Button' using base type 'CEGUI/PushButton', window renderer 'Falagard/Button' Look'N'Feel 'TaharezLook/Button' and RenderEffect ''. (003DC6F4)
19/08/2011 22:51:58 (Std) 	Creating falagard mapping for type 'TaharezLook/Checkbox' using base type 'CEGUI/Checkbox', window renderer 'Falagard/ToggleButton' Look'N'Feel 'TaharezLook/Checkbox' and RenderEffect ''. (003DC6F4)
19/08/2011 22:51:58 (Std) 	Creating falagard mapping for type 'TaharezLook/ImageButton' using base type 'CEGUI/PushButton', window renderer 'Falagard/Button' Look'N'Feel 'TaharezLook/ImageButton' and RenderEffect ''. (003DC6F4)
19/08/2011 22:51:58 (Std) 	Creating falagard mapping for type 'TaharezLook/RadioButton' using base type 'CEGUI/RadioButton', window renderer 'Falagard/ToggleButton' Look'N'Feel 'TaharezLook/RadioButton' and RenderEffect ''. (003DC6F4)
19/08/2011 22:51:58 (Std) 	Creating falagard mapping for type 'TaharezLook/FrameWindow' using base type 'CEGUI/FrameWindow', window renderer 'Falagard/FrameWindow' Look'N'Feel 'TaharezLook/FrameWindow' and RenderEffect ''. (003DC6F4)
19/08/2011 22:51:58 (Std) 	Creating falagard mapping for type 'TaharezLook/Titlebar' using base type 'CEGUI/Titlebar', window renderer 'Falagard/Titlebar' Look'N'Feel 'TaharezLook/Titlebar' and RenderEffect ''. (003DC6F4)
19/08/2011 22:51:58 (Std) 	Creating falagard mapping for type 'TaharezLook/SystemButton' using base type 'CEGUI/PushButton', window renderer 'Falagard/Button' Look'N'Feel 'TaharezLook/Button' and RenderEffect ''. (003DC6F4)
19/08/2011 22:51:58 (Std) 	Creating falagard mapping for type 'TaharezLook/Editbox' using base type 'CEGUI/Editbox', window renderer 'Falagard/Editbox' Look'N'Feel 'TaharezLook/Editbox' and RenderEffect ''. (003DC6F4)
19/08/2011 22:51:58 (Std) 	Creating falagard mapping for type 'TaharezLook/MultiLineEditbox' using base type 'CEGUI/MultiLineEditbox', window renderer 'Falagard/MultiLineEditbox' Look'N'Feel 'TaharezLook/MultiLineEditbox' and RenderEffect ''. (003DC6F4)
19/08/2011 22:51:58 (Std) 	Creating falagard mapping for type 'TaharezLook/Menubar' using base type 'CEGUI/Menubar', window renderer 'Falagard/Menubar' Look'N'Feel 'TaharezLook/Menubar' and RenderEffect ''. (003DC6F4)
19/08/2011 22:51:58 (Std) 	Creating falagard mapping for type 'TaharezLook/PopupMenu' using base type 'CEGUI/PopupMenu', window renderer 'Falagard/PopupMenu' Look'N'Feel 'TaharezLook/PopupMenu' and RenderEffect ''. (003DC6F4)
19/08/2011 22:51:58 (Std) 	Creating falagard mapping for type 'TaharezLook/MenuItem' using base type 'CEGUI/MenuItem', window renderer 'Falagard/MenuItem' Look'N'Feel 'TaharezLook/MenuItem' and RenderEffect ''. (003DC6F4)
19/08/2011 22:51:58 (Std) 	Creating falagard mapping for type 'TaharezLook/AlternateProgressBar' using base type 'CEGUI/ProgressBar', window renderer 'Falagard/ProgressBar' Look'N'Feel 'TaharezLook/AltProgressBar' and RenderEffect ''. (003DC6F4)
19/08/2011 22:51:58 (Std) 	Creating falagard mapping for type 'TaharezLook/ProgressBar' using base type 'CEGUI/ProgressBar', window renderer 'Falagard/ProgressBar' Look'N'Feel 'TaharezLook/ProgressBar' and RenderEffect ''. (003DC6F4)
19/08/2011 22:51:58 (Std) 	Creating falagard mapping for type 'TaharezLook/VUMeter' using base type 'CEGUI/ProgressBar', window renderer 'Falagard/ProgressBar' Look'N'Feel 'TaharezLook/VUMeter' and RenderEffect ''. (003DC6F4)
19/08/2011 22:51:58 (Std) 	Creating falagard mapping for type 'TaharezLook/VerticalScrollbar' using base type 'CEGUI/Scrollbar', window renderer 'Falagard/Scrollbar' Look'N'Feel 'TaharezLook/VerticalScrollbar' and RenderEffect ''. (003DC6F4)
19/08/2011 22:51:58 (Std) 	Creating falagard mapping for type 'TaharezLook/HorizontalScrollbar' using base type 'CEGUI/Scrollbar', window renderer 'Falagard/Scrollbar' Look'N'Feel 'TaharezLook/HorizontalScrollbar' and RenderEffect ''. (003DC6F4)
19/08/2011 22:51:58 (Std) 	Creating falagard mapping for type 'TaharezLook/VerticalScrollbarThumb' using base type 'CEGUI/Thumb', window renderer 'Falagard/Button' Look'N'Feel 'TaharezLook/VerticalScrollbarThumb' and RenderEffect ''. (003DC6F4)
19/08/2011 22:51:58 (Std) 	Creating falagard mapping for type 'TaharezLook/HorizontalScrollbarThumb' using base type 'CEGUI/Thumb', window renderer 'Falagard/Button' Look'N'Feel 'TaharezLook/HorizontalScrollbarThumb' and RenderEffect ''. (003DC6F4)
19/08/2011 22:51:58 (Std) 	Creating falagard mapping for type 'TaharezLook/LargeVerticalScrollbar' using base type 'CEGUI/Scrollbar', window renderer 'Falagard/Scrollbar' Look'N'Feel 'TaharezLook/LargeVerticalScrollbar' and RenderEffect ''. (003DC6F4)
19/08/2011 22:51:58 (Std) 	Creating falagard mapping for type 'TaharezLook/LargeVerticalScrollbarThumb' using base type 'CEGUI/Thumb', window renderer 'Falagard/Button' Look'N'Feel 'TaharezLook/LargeVerticalScrollbarThumb' and RenderEffect ''. (003DC6F4)
19/08/2011 22:51:58 (Std) 	Creating falagard mapping for type 'TaharezLook/TabButton' using base type 'CEGUI/TabButton', window renderer 'Falagard/TabButton' Look'N'Feel 'TaharezLook/TabButton' and RenderEffect ''. (003DC6F4)
19/08/2011 22:51:58 (Std) 	Creating falagard mapping for type 'TaharezLook/TabControl' using base type 'CEGUI/TabControl', window renderer 'Falagard/TabControl' Look'N'Feel 'TaharezLook/TabControl' and RenderEffect ''. (003DC6F4)
19/08/2011 22:51:58 (Std) 	Creating falagard mapping for type 'TaharezLook/TabContentPane' using base type 'DefaultWindow', window renderer 'Falagard/Default' Look'N'Feel 'TaharezLook/TabContentPane' and RenderEffect ''. (003DC6F4)
19/08/2011 22:51:58 (Std) 	Creating falagard mapping for type 'TaharezLook/TabButtonPane' using base type 'DefaultWindow', window renderer 'Falagard/Default' Look'N'Feel 'TaharezLook/TabButtonPane' and RenderEffect ''. (003DC6F4)
19/08/2011 22:51:58 (Std) 	Creating falagard mapping for type 'TaharezLook/ComboDropList' using base type 'CEGUI/ComboDropList', window renderer 'Falagard/Listbox' Look'N'Feel 'TaharezLook/ComboDropList' and RenderEffect ''. (003DC6F4)
19/08/2011 22:51:58 (Std) 	Creating falagard mapping for type 'TaharezLook/ComboEditbox' using base type 'CEGUI/Editbox', window renderer 'Falagard/Editbox' Look'N'Feel 'TaharezLook/ComboEditbox' and RenderEffect ''. (003DC6F4)
19/08/2011 22:51:58 (Std) 	Creating falagard mapping for type 'TaharezLook/Combobox' using base type 'CEGUI/Combobox', window renderer 'Falagard/Default' Look'N'Feel 'TaharezLook/Combobox' and RenderEffect ''. (003DC6F4)
19/08/2011 22:51:58 (Std) 	Creating falagard mapping for type 'TaharezLook/Listbox' using base type 'CEGUI/Listbox', window renderer 'Falagard/Listbox' Look'N'Feel 'TaharezLook/Listbox' and RenderEffect ''. (003DC6F4)
19/08/2011 22:51:58 (Std) 	Creating falagard mapping for type 'TaharezLook/ListHeader' using base type 'CEGUI/ListHeader', window renderer 'Falagard/ListHeader' Look'N'Feel 'TaharezLook/ListHeader' and RenderEffect ''. (003DC6F4)
19/08/2011 22:51:58 (Std) 	Creating falagard mapping for type 'TaharezLook/ListHeaderSegment' using base type 'CEGUI/ListHeaderSegment', window renderer 'Falagard/ListHeaderSegment' Look'N'Feel 'TaharezLook/ListHeaderSegment' and RenderEffect ''. (003DC6F4)
19/08/2011 22:51:58 (Std) 	Creating falagard mapping for type 'TaharezLook/MultiColumnList' using base type 'CEGUI/MultiColumnList', window renderer 'Falagard/MultiColumnList' Look'N'Feel 'TaharezLook/MultiColumnList' and RenderEffect ''. (003DC6F4)
19/08/2011 22:51:58 (Std) 	Creating falagard mapping for type 'TaharezLook/Slider' using base type 'CEGUI/Slider', window renderer 'Falagard/Slider' Look'N'Feel 'TaharezLook/Slider' and RenderEffect ''. (003DC6F4)
19/08/2011 22:51:58 (Std) 	Creating falagard mapping for type 'TaharezLook/SliderThumb' using base type 'CEGUI/Thumb', window renderer 'Falagard/Button' Look'N'Feel 'TaharezLook/SliderThumb' and RenderEffect ''. (003DC6F4)
19/08/2011 22:51:58 (Std) 	Creating falagard mapping for type 'TaharezLook/ScrollablePane' using base type 'CEGUI/ScrollablePane', window renderer 'Falagard/ScrollablePane' Look'N'Feel 'TaharezLook/ScrollablePane' and RenderEffect ''. (003DC6F4)
19/08/2011 22:51:58 (Std) 	Creating falagard mapping for type 'TaharezLook/Spinner' using base type 'CEGUI/Spinner', window renderer 'Falagard/Default' Look'N'Feel 'TaharezLook/Spinner' and RenderEffect ''. (003DC6F4)
19/08/2011 22:51:58 (Std) 	Creating falagard mapping for type 'TaharezLook/Tooltip' using base type 'CEGUI/Tooltip', window renderer 'Falagard/Tooltip' Look'N'Feel 'TaharezLook/Tooltip' and RenderEffect ''. (003DC6F4)
19/08/2011 22:51:58 (Std) 	Creating falagard mapping for type 'TaharezLook/StaticImage' using base type 'DefaultWindow', window renderer 'Falagard/StaticImage' Look'N'Feel 'TaharezLook/StaticImage' and RenderEffect ''. (003DC6F4)
19/08/2011 22:51:58 (Std) 	Creating falagard mapping for type 'TaharezLook/StaticText' using base type 'DefaultWindow', window renderer 'Falagard/StaticText' Look'N'Feel 'TaharezLook/StaticText' and RenderEffect ''. (003DC6F4)
19/08/2011 22:51:58 (Std) 	Creating falagard mapping for type 'TaharezLook/ItemListbox' using base type 'CEGUI/ItemListbox', window renderer 'Falagard/ItemListbox' Look'N'Feel 'TaharezLook/ItemListbox' and RenderEffect ''. (003DC6F4)
19/08/2011 22:51:58 (Std) 	Creating falagard mapping for type 'TaharezLook/ListboxItem' using base type 'CEGUI/ItemEntry', window renderer 'Falagard/ItemEntry' Look'N'Feel 'TaharezLook/ListboxItem' and RenderEffect ''. (003DC6F4)
19/08/2011 22:51:58 (Std) 	Creating falagard mapping for type 'TaharezLook/GroupBox' using base type 'CEGUI/GroupBox', window renderer 'Falagard/Default' Look'N'Feel 'TaharezLook/GroupBox' and RenderEffect ''. (003DC6F4)
19/08/2011 22:51:58 (Std) 	Creating falagard mapping for type 'TaharezLook/Tree' using base type 'CEGUI/Tree', window renderer 'Falagard/Tree' Look'N'Feel 'TaharezLook/Tree' and RenderEffect ''. (003DC6F4)
19/08/2011 22:51:58 (Std) 	Creating falagard mapping for type 'TaharezLook/StaticImageTrans' using base type 'DefaultWindow', window renderer 'Falagard/StaticImage' Look'N'Feel 'TaharezLook/StaticImageTrans' and RenderEffect ''. (003DC6F4)
19/08/2011 22:51:58 (Std) 	Started creation of Scheme from XML specification:
19/08/2011 22:51:58 (Std) 	---- CEGUI GUIScheme name: WindowsLookSkin
19/08/2011 22:51:58 (Std) 	Started creation of Imageset from XML specification:
19/08/2011 22:51:58 (Std) 	---- CEGUI Imageset name: WindowsLook
19/08/2011 22:51:58 (Std) 	---- Source texture file: WindowsLook.tga in resource group: (Default)
19/08/2011 22:51:58 (Std) 	===== Falagard 'root' element: look and feel parsing begins =====
19/08/2011 22:51:59 (Std) 	===== Look and feel parsing completed =====
19/08/2011 22:51:59 (Std) 	No window renderer factories specified for module 'CEGUIFalagardWRBase' - adding all available factories...
19/08/2011 22:51:59 (Std) 	Creating falagard mapping for type 'WindowsLook/Button' using base type 'CEGUI/PushButton', window renderer 'Falagard/Button' Look'N'Feel 'WindowsLook/Button' and RenderEffect ''. (003DC6F4)
19/08/2011 22:51:59 (Std) 	Creating falagard mapping for type 'WindowsLook/Checkbox' using base type 'CEGUI/Checkbox', window renderer 'Falagard/ToggleButton' Look'N'Feel 'WindowsLook/Checkbox' and RenderEffect ''. (003DC6F4)
19/08/2011 22:51:59 (Std) 	Creating falagard mapping for type 'WindowsLook/IconButton' using base type 'CEGUI/PushButton', window renderer 'Falagard/Button' Look'N'Feel 'WindowsLook/IconButton' and RenderEffect ''. (003DC6F4)
19/08/2011 22:51:59 (Std) 	Creating falagard mapping for type 'WindowsLook/RadioButton' using base type 'CEGUI/RadioButton', window renderer 'Falagard/ToggleButton' Look'N'Feel 'WindowsLook/RadioButton' and RenderEffect ''. (003DC6F4)
19/08/2011 22:51:59 (Std) 	Creating falagard mapping for type 'WindowsLook/FrameWindow' using base type 'CEGUI/FrameWindow', window renderer 'Falagard/FrameWindow' Look'N'Feel 'WindowsLook/FrameWindow' and RenderEffect ''. (003DC6F4)
19/08/2011 22:51:59 (Std) 	Creating falagard mapping for type 'WindowsLook/Titlebar' using base type 'CEGUI/Titlebar', window renderer 'Falagard/Titlebar' Look'N'Feel 'WindowsLook/Titlebar' and RenderEffect ''. (003DC6F4)
19/08/2011 22:51:59 (Std) 	Creating falagard mapping for type 'WindowsLook/SystemButton' using base type 'CEGUI/PushButton', window renderer 'Falagard/Button' Look'N'Feel 'WindowsLook/SystemButton' and RenderEffect ''. (003DC6F4)
19/08/2011 22:51:59 (Std) 	Creating falagard mapping for type 'WindowsLook/Editbox' using base type 'CEGUI/Editbox', window renderer 'Falagard/Editbox' Look'N'Feel 'WindowsLook/Editbox' and RenderEffect ''. (003DC6F4)
19/08/2011 22:51:59 (Std) 	Creating falagard mapping for type 'WindowsLook/MultiLineEditbox' using base type 'CEGUI/MultiLineEditbox', window renderer 'Falagard/MultiLineEditbox' Look'N'Feel 'WindowsLook/MultiLineEditbox' and RenderEffect ''. (003DC6F4)
19/08/2011 22:51:59 (Std) 	Creating falagard mapping for type 'WindowsLook/Menubar' using base type 'CEGUI/Menubar', window renderer 'Falagard/Menubar' Look'N'Feel 'WindowsLook/Menubar' and RenderEffect ''. (003DC6F4)
19/08/2011 22:51:59 (Std) 	Creating falagard mapping for type 'WindowsLook/PopupMenu' using base type 'CEGUI/PopupMenu', window renderer 'Falagard/PopupMenu' Look'N'Feel 'WindowsLook/PopupMenu' and RenderEffect ''. (003DC6F4)
19/08/2011 22:51:59 (Std) 	Creating falagard mapping for type 'WindowsLook/MenuItem' using base type 'CEGUI/MenuItem', window renderer 'Falagard/MenuItem' Look'N'Feel 'WindowsLook/MenuItem' and RenderEffect ''. (003DC6F4)
19/08/2011 22:51:59 (Std) 	Creating falagard mapping for type 'WindowsLook/ProgressBar' using base type 'CEGUI/ProgressBar', window renderer 'Falagard/ProgressBar' Look'N'Feel 'WindowsLook/ProgressBar' and RenderEffect ''. (003DC6F4)
19/08/2011 22:51:59 (Std) 	Creating falagard mapping for type 'WindowsLook/VerticalScrollbar' using base type 'CEGUI/Scrollbar', window renderer 'Falagard/Scrollbar' Look'N'Feel 'WindowsLook/VerticalScrollbar' and RenderEffect ''. (003DC6F4)
19/08/2011 22:51:59 (Std) 	Creating falagard mapping for type 'WindowsLook/HorizontalScrollbar' using base type 'CEGUI/Scrollbar', window renderer 'Falagard/Scrollbar' Look'N'Feel 'WindowsLook/HorizontalScrollbar' and RenderEffect ''. (003DC6F4)
19/08/2011 22:51:59 (Std) 	Creating falagard mapping for type 'WindowsLook/VerticalScrollbarThumb' using base type 'CEGUI/Thumb', window renderer 'Falagard/Button' Look'N'Feel 'WindowsLook/VerticalScrollbarThumb' and RenderEffect ''. (003DC6F4)
19/08/2011 22:51:59 (Std) 	Creating falagard mapping for type 'WindowsLook/HorizontalScrollbarThumb' using base type 'CEGUI/Thumb', window renderer 'Falagard/Button' Look'N'Feel 'WindowsLook/HorizontalScrollbarThumb' and RenderEffect ''. (003DC6F4)
19/08/2011 22:51:59 (Std) 	Creating falagard mapping for type 'WindowsLook/TabButton' using base type 'CEGUI/TabButton', window renderer 'Falagard/TabButton' Look'N'Feel 'WindowsLook/TabButton' and RenderEffect ''. (003DC6F4)
19/08/2011 22:51:59 (Std) 	Creating falagard mapping for type 'WindowsLook/TabControl' using base type 'CEGUI/TabControl', window renderer 'Falagard/TabControl' Look'N'Feel 'WindowsLook/TabControl' and RenderEffect ''. (003DC6F4)
19/08/2011 22:51:59 (Std) 	Creating falagard mapping for type 'WindowsLook/TabContentPane' using base type 'DefaultWindow', window renderer 'Falagard/Default' Look'N'Feel 'WindowsLook/TabContentPane' and RenderEffect ''. (003DC6F4)
19/08/2011 22:51:59 (Std) 	Creating falagard mapping for type 'WindowsLook/TabButtonPane' using base type 'DefaultWindow', window renderer 'Falagard/Default' Look'N'Feel 'WindowsLook/TabButtonPane' and RenderEffect ''. (003DC6F4)
19/08/2011 22:51:59 (Std) 	Creating falagard mapping for type 'WindowsLook/ComboDropList' using base type 'CEGUI/ComboDropList', window renderer 'Falagard/Listbox' Look'N'Feel 'WindowsLook/ComboDropList' and RenderEffect ''. (003DC6F4)
19/08/2011 22:51:59 (Std) 	Creating falagard mapping for type 'WindowsLook/Combobox' using base type 'CEGUI/Combobox', window renderer 'Falagard/Default' Look'N'Feel 'WindowsLook/Combobox' and RenderEffect ''. (003DC6F4)
19/08/2011 22:51:59 (Std) 	Creating falagard mapping for type 'WindowsLook/Listbox' using base type 'CEGUI/Listbox', window renderer 'Falagard/Listbox' Look'N'Feel 'WindowsLook/Listbox' and RenderEffect ''. (003DC6F4)
19/08/2011 22:51:59 (Std) 	Creating falagard mapping for type 'WindowsLook/ListHeader' using base type 'CEGUI/ListHeader', window renderer 'Falagard/ListHeader' Look'N'Feel 'WindowsLook/ListHeader' and RenderEffect ''. (003DC6F4)
19/08/2011 22:51:59 (Std) 	Creating falagard mapping for type 'WindowsLook/ListHeaderSegment' using base type 'CEGUI/ListHeaderSegment', window renderer 'Falagard/ListHeaderSegment' Look'N'Feel 'WindowsLook/ListHeaderSegment' and RenderEffect ''. (003DC6F4)
19/08/2011 22:51:59 (Std) 	Creating falagard mapping for type 'WindowsLook/MultiColumnList' using base type 'CEGUI/MultiColumnList', window renderer 'Falagard/MultiColumnList' Look'N'Feel 'WindowsLook/MultiColumnList' and RenderEffect ''. (003DC6F4)
19/08/2011 22:51:59 (Std) 	Creating falagard mapping for type 'WindowsLook/Slider' using base type 'CEGUI/Slider', window renderer 'Falagard/Slider' Look'N'Feel 'WindowsLook/Slider' and RenderEffect ''. (003DC6F4)
19/08/2011 22:51:59 (Std) 	Creating falagard mapping for type 'WindowsLook/SliderThumb' using base type 'CEGUI/Thumb', window renderer 'Falagard/Button' Look'N'Feel 'WindowsLook/SliderThumb' and RenderEffect ''. (003DC6F4)
19/08/2011 22:51:59 (Std) 	Creating falagard mapping for type 'WindowsLook/ScrollablePane' using base type 'CEGUI/ScrollablePane', window renderer 'Falagard/ScrollablePane' Look'N'Feel 'WindowsLook/ScrollablePane' and RenderEffect ''. (003DC6F4)
19/08/2011 22:51:59 (Std) 	Creating falagard mapping for type 'WindowsLook/Spinner' using base type 'CEGUI/Spinner', window renderer 'Falagard/Default' Look'N'Feel 'WindowsLook/Spinner' and RenderEffect ''. (003DC6F4)
19/08/2011 22:51:59 (Std) 	Creating falagard mapping for type 'WindowsLook/Tooltip' using base type 'CEGUI/Tooltip', window renderer 'Falagard/Tooltip' Look'N'Feel 'WindowsLook/Tooltip' and RenderEffect ''. (003DC6F4)
19/08/2011 22:51:59 (Std) 	Creating falagard mapping for type 'WindowsLook/Static' using base type 'DefaultWindow', window renderer 'Falagard/Static' Look'N'Feel 'WindowsLook/Static' and RenderEffect ''. (003DC6F4)
19/08/2011 22:51:59 (Std) 	Creating falagard mapping for type 'WindowsLook/StaticImage' using base type 'DefaultWindow', window renderer 'Falagard/StaticImage' Look'N'Feel 'WindowsLook/StaticImage' and RenderEffect ''. (003DC6F4)
19/08/2011 22:51:59 (Std) 	Creating falagard mapping for type 'WindowsLook/StaticText' using base type 'DefaultWindow', window renderer 'Falagard/StaticText' Look'N'Feel 'WindowsLook/StaticText' and RenderEffect ''. (003DC6F4)
19/08/2011 22:51:59 (Std) 	Creating falagard mapping for type 'WindowsLook/ItemListbox' using base type 'CEGUI/ItemListbox', window renderer 'Falagard/ItemListbox' Look'N'Feel 'WindowsLook/ItemListbox' and RenderEffect ''. (003DC6F4)
19/08/2011 22:51:59 (Std) 	Creating falagard mapping for type 'WindowsLook/ListboxItem' using base type 'CEGUI/ItemEntry', window renderer 'Falagard/ItemEntry' Look'N'Feel 'WindowsLook/ListboxItem' and RenderEffect ''. (003DC6F4)
19/08/2011 22:51:59 (Std) 	Creating falagard mapping for type 'WindowsLook/GroupBox' using base type 'CEGUI/GroupBox', window renderer 'Falagard/Default' Look'N'Feel 'WindowsLook/GroupBox' and RenderEffect ''. (003DC6F4)
19/08/2011 22:51:59 (Std) 	Started creation of Scheme from XML specification:
19/08/2011 22:51:59 (Std) 	---- CEGUI GUIScheme name: VanillaSkin
19/08/2011 22:51:59 (Std) 	Started creation of Imageset from XML specification:
19/08/2011 22:51:59 (Std) 	---- CEGUI Imageset name: Vanilla-Images
19/08/2011 22:51:59 (Std) 	---- Source texture file: vanilla.tga in resource group: (Default)
19/08/2011 22:51:59 (Std) 	===== Falagard 'root' element: look and feel parsing begins =====
19/08/2011 22:51:59 (Std) 	===== Look and feel parsing completed =====
19/08/2011 22:51:59 (Std) 	No window renderer factories specified for module 'CEGUIFalagardWRBase' - adding all available factories...
19/08/2011 22:51:59 (Std) 	Creating falagard mapping for type 'Vanilla/Titlebar' using base type 'CEGUI/Titlebar', window renderer 'Falagard/Titlebar' Look'N'Feel 'Vanilla/Titlebar' and RenderEffect ''. (003DC6F4)
19/08/2011 22:51:59 (Std) 	Creating falagard mapping for type 'Vanilla/Button' using base type 'CEGUI/PushButton', window renderer 'Falagard/Button' Look'N'Feel 'Vanilla/Button' and RenderEffect ''. (003DC6F4)
19/08/2011 22:51:59 (Std) 	Creating falagard mapping for type 'Vanilla/FrameWindow' using base type 'CEGUI/FrameWindow', window renderer 'Falagard/FrameWindow' Look'N'Feel 'Vanilla/FrameWindow' and RenderEffect ''. (003DC6F4)
19/08/2011 22:51:59 (Std) 	Creating falagard mapping for type 'Vanilla/Editbox' using base type 'CEGUI/Editbox', window renderer 'Falagard/Editbox' Look'N'Feel 'Vanilla/Editbox' and RenderEffect ''. (003DC6F4)
19/08/2011 22:51:59 (Std) 	Creating falagard mapping for type 'Vanilla/VerticalScrollbarThumb' using base type 'CEGUI/Thumb', window renderer 'Falagard/Button' Look'N'Feel 'Vanilla/VerticalScrollbarThumb' and RenderEffect ''. (003DC6F4)
19/08/2011 22:51:59 (Std) 	Creating falagard mapping for type 'Vanilla/VerticalScrollbar' using base type 'CEGUI/Scrollbar', window renderer 'Falagard/Scrollbar' Look'N'Feel 'Vanilla/VerticalScrollbar' and RenderEffect ''. (003DC6F4)
19/08/2011 22:51:59 (Std) 	Creating falagard mapping for type 'Vanilla/HorizontalScrollbarThumb' using base type 'CEGUI/Thumb', window renderer 'Falagard/Button' Look'N'Feel 'Vanilla/HorizontalScrollbarThumb' and RenderEffect ''. (003DC6F4)
19/08/2011 22:51:59 (Std) 	Creating falagard mapping for type 'Vanilla/HorizontalScrollbar' using base type 'CEGUI/Scrollbar', window renderer 'Falagard/Scrollbar' Look'N'Feel 'Vanilla/HorizontalScrollbar' and RenderEffect ''. (003DC6F4)
19/08/2011 22:51:59 (Std) 	Creating falagard mapping for type 'Vanilla/StaticImage' using base type 'DefaultWindow', window renderer 'Falagard/StaticImage' Look'N'Feel 'Vanilla/StaticImage' and RenderEffect ''. (003DC6F4)
19/08/2011 22:51:59 (Std) 	Creating falagard mapping for type 'Vanilla/StaticText' using base type 'DefaultWindow', window renderer 'Falagard/StaticText' Look'N'Feel 'Vanilla/StaticText' and RenderEffect ''. (003DC6F4)
19/08/2011 22:51:59 (Std) 	Creating falagard mapping for type 'Vanilla/Listbox' using base type 'CEGUI/Listbox', window renderer 'Falagard/Listbox' Look'N'Feel 'Vanilla/Listbox' and RenderEffect ''. (003DC6F4)
19/08/2011 22:51:59 (Std) 	Creating falagard mapping for type 'Vanilla/MultiLineEditbox' using base type 'CEGUI/MultiLineEditbox', window renderer 'Falagard/MultiLineEditbox' Look'N'Feel 'Vanilla/MultiLineEditbox' and RenderEffect ''. (003DC6F4)
19/08/2011 22:51:59 (Std) 	Creating falagard mapping for type 'Vanilla/ComboDropList' using base type 'CEGUI/ComboDropList', window renderer 'Falagard/Listbox' Look'N'Feel 'Vanilla/ComboDropList' and RenderEffect ''. (003DC6F4)
19/08/2011 22:51:59 (Std) 	Creating falagard mapping for type 'Vanilla/Combobox' using base type 'CEGUI/Combobox', window renderer 'Falagard/Default' Look'N'Feel 'Vanilla/Combobox' and RenderEffect ''. (003DC6F4)
19/08/2011 22:51:59 (Std) 	Creating falagard mapping for type 'Vanilla/ProgressBar' using base type 'CEGUI/ProgressBar', window renderer 'Falagard/ProgressBar' Look'N'Feel 'Vanilla/ProgressBar' and RenderEffect ''. (003DC6F4)
19/08/2011 22:51:59 (Std) 	Started creation of Scheme from XML specification:
19/08/2011 22:51:59 (Std) 	---- CEGUI GUIScheme name: Items
19/08/2011 22:51:59 (Std) 	Started creation of Imageset from XML specification:
19/08/2011 22:51:59 (Std) 	---- CEGUI Imageset name: Items
19/08/2011 22:51:59 (Std) 	---- Source texture file: Items.tga in resource group: (Default)
19/08/2011 22:51:59 (Std) 	Started creation of Font from XML specification:
19/08/2011 22:51:59 (Std) 	---- CEGUI font name: fkp-16
19/08/2011 22:51:59 (Std) 	----       Font type: FreeType
19/08/2011 22:51:59 (Std) 	----     Source file: fkp.de.pcf in resource group: (Default)
19/08/2011 22:51:59 (Std) 	---- Real point size: 16
19/08/2011 22:51:59 (Std) 	===== Falagard 'root' element: look and feel parsing begins =====
19/08/2011 22:51:59 (Std) 	WidgetLookManager::addWidgetLook - Widget look and feel 'TaharezLook/Button' already exists.  Replacing previous definition.
19/08/2011 22:51:59 (Std) 	WidgetLookManager::addWidgetLook - Widget look and feel 'TaharezLook/RadioButton' already exists.  Replacing previous definition.
19/08/2011 22:51:59 (Std) 	WidgetLookManager::addWidgetLook - Widget look and feel 'TaharezLook/Checkbox' already exists.  Replacing previous definition.
19/08/2011 22:51:59 (Std) 	WidgetLookManager::addWidgetLook - Widget look and feel 'TaharezLook/Editbox' already exists.  Replacing previous definition.
19/08/2011 22:51:59 (Std) 	WidgetLookManager::addWidgetLook - Widget look and feel 'TaharezLook/Titlebar' already exists.  Replacing previous definition.
19/08/2011 22:51:59 (Std) 	WidgetLookManager::addWidgetLook - Widget look and feel 'TaharezLook/FrameWindow' already exists.  Replacing previous definition.
19/08/2011 22:51:59 (Std) 	WidgetLookManager::addWidgetLook - Widget look and feel 'TaharezLook/GroupBox' already exists.  Replacing previous definition.
19/08/2011 22:51:59 (Std) 	WidgetLookManager::addWidgetLook - Widget look and feel 'TaharezLook/ProgressBar' already exists.  Replacing previous definition.
19/08/2011 22:51:59 (Std) 	WidgetLookManager::addWidgetLook - Widget look and feel 'TaharezLook/AltProgressBar' already exists.  Replacing previous definition.
19/08/2011 22:51:59 (Std) 	WidgetLookManager::addWidgetLook - Widget look and feel 'TaharezLook/VUMeter' already exists.  Replacing previous definition.
19/08/2011 22:51:59 (Std) 	WidgetLookManager::addWidgetLook - Widget look and feel 'TaharezLook/SliderThumb' already exists.  Replacing previous definition.
19/08/2011 22:51:59 (Std) 	WidgetLookManager::addWidgetLook - Widget look and feel 'TaharezLook/Slider' already exists.  Replacing previous definition.
19/08/2011 22:51:59 (Std) 	WidgetLookManager::addWidgetLook - Widget look and feel 'TaharezLook/HorizontalScrollbarThumb' already exists.  Replacing previous definition.
19/08/2011 22:51:59 (Std) 	WidgetLookManager::addWidgetLook - Widget look and feel 'TaharezLook/HorizontalScrollbar' already exists.  Replacing previous definition.
19/08/2011 22:51:59 (Std) 	WidgetLookManager::addWidgetLook - Widget look and feel 'TaharezLook/VerticalScrollbarThumb' already exists.  Replacing previous definition.
19/08/2011 22:51:59 (Std) 	WidgetLookManager::addWidgetLook - Widget look and feel 'TaharezLook/VerticalScrollbar' already exists.  Replacing previous definition.
19/08/2011 22:51:59 (Std) 	WidgetLookManager::addWidgetLook - Widget look and feel 'TaharezLook/Listbox' already exists.  Replacing previous definition.
19/08/2011 22:51:59 (Std) 	WidgetLookManager::addWidgetLook - Widget look and feel 'TaharezLook/ComboDropList' already exists.  Replacing previous definition.
19/08/2011 22:51:59 (Std) 	WidgetLookManager::addWidgetLook - Widget look and feel 'TaharezLook/ComboEditbox' already exists.  Replacing previous definition.
19/08/2011 22:51:59 (Std) 	WidgetLookManager::addWidgetLook - Widget look and feel 'TaharezLook/Combobox' already exists.  Replacing previous definition.
19/08/2011 22:51:59 (Std) 	WidgetLookManager::addWidgetLook - Widget look and feel 'TaharezLook/Spinner' already exists.  Replacing previous definition.
19/08/2011 22:51:59 (Std) 	WidgetLookManager::addWidgetLook - Widget look and feel 'TaharezLook/StaticShared' already exists.  Replacing previous definition.
19/08/2011 22:51:59 (Std) 	WidgetLookManager::addWidgetLook - Widget look and feel 'TaharezLook/StaticImage' already exists.  Replacing previous definition.
19/08/2011 22:51:59 (Std) 	WidgetLookManager::addWidgetLook - Widget look and feel 'TaharezLook/StaticText' already exists.  Replacing previous definition.
19/08/2011 22:51:59 (Std) 	WidgetLookManager::addWidgetLook - Widget look and feel 'TaharezLook/ListHeaderSegment' already exists.  Replacing previous definition.
19/08/2011 22:51:59 (Std) 	WidgetLookManager::addWidgetLook - Widget look and feel 'TaharezLook/ListHeader' already exists.  Replacing previous definition.
19/08/2011 22:51:59 (Std) 	WidgetLookManager::addWidgetLook - Widget look and feel 'TaharezLook/MultiColumnList' already exists.  Replacing previous definition.
19/08/2011 22:51:59 (Std) 	WidgetLookManager::addWidgetLook - Widget look and feel 'TaharezLook/MultiLineEditbox' already exists.  Replacing previous definition.
19/08/2011 22:51:59 (Std) 	WidgetLookManager::addWidgetLook - Widget look and feel 'TaharezLook/Tooltip' already exists.  Replacing previous definition.
19/08/2011 22:52:00 (Std) 	WidgetLookManager::addWidgetLook - Widget look and feel 'TaharezLook/ScrollablePane' already exists.  Replacing previous definition.
19/08/2011 22:52:00 (Std) 	WidgetLookManager::addWidgetLook - Widget look and feel 'TaharezLook/TabButton' already exists.  Replacing previous definition.
19/08/2011 22:52:00 (Std) 	WidgetLookManager::addWidgetLook - Widget look and feel 'TaharezLook/TabContentPane' already exists.  Replacing previous definition.
19/08/2011 22:52:00 (Std) 	WidgetLookManager::addWidgetLook - Widget look and feel 'TaharezLook/TabButtonPane' already exists.  Replacing previous definition.
19/08/2011 22:52:00 (Std) 	WidgetLookManager::addWidgetLook - Widget look and feel 'TaharezLook/TabControl' already exists.  Replacing previous definition.
19/08/2011 22:52:00 (Std) 	WidgetLookManager::addWidgetLook - Widget look and feel 'TaharezLook/MenuItem' already exists.  Replacing previous definition.
19/08/2011 22:52:00 (Std) 	WidgetLookManager::addWidgetLook - Widget look and feel 'TaharezLook/PopupMenu' already exists.  Replacing previous definition.
19/08/2011 22:52:00 (Std) 	WidgetLookManager::addWidgetLook - Widget look and feel 'TaharezLook/Menubar' already exists.  Replacing previous definition.
19/08/2011 22:52:00 (Std) 	WidgetLookManager::addWidgetLook - Widget look and feel 'TaharezLook/LargeVerticalScrollbarThumb' already exists.  Replacing previous definition.
19/08/2011 22:52:00 (Std) 	WidgetLookManager::addWidgetLook - Widget look and feel 'TaharezLook/LargeVerticalScrollbar' already exists.  Replacing previous definition.
19/08/2011 22:52:00 (Std) 	WidgetLookManager::addWidgetLook - Widget look and feel 'TaharezLook/ImageButton' already exists.  Replacing previous definition.
19/08/2011 22:52:00 (Std) 	WidgetLookManager::addWidgetLook - Widget look and feel 'TaharezLook/ItemListbox' already exists.  Replacing previous definition.
19/08/2011 22:52:00 (Std) 	WidgetLookManager::addWidgetLook - Widget look and feel 'TaharezLook/ListboxItem' already exists.  Replacing previous definition.
19/08/2011 22:52:00 (Std) 	WidgetLookManager::addWidgetLook - Widget look and feel 'TaharezLook/Tree' already exists.  Replacing previous definition.
19/08/2011 22:52:00 (Std) 	===== Look and feel parsing completed =====
19/08/2011 22:52:00 (Std) 	No window renderer factories specified for module 'CEGUIFalagardWRBase' - adding all available factories...
19/08/2011 22:52:00 (Std) 	Attempting to create Imageset 'logo' using image file 'logoTrans.png'.
19/08/2011 22:52:07 (Std) 	Attempting to create Imageset 'mainMenuBG' using image file 'background.tga'.
19/08/2011 22:52:07 (Std) 	Attempting to create Imageset 'DejaVuSans-10_auto_glyph_images_ ' with texture only.
19/08/2011 22:52:14 (Std) 	Attempting to create Imageset 'charSelectBG' using image file 'charSelect.tga'.
19/08/2011 22:52:14 (Std) 	Attempting to create Imageset 'charSelectIcon' using image file 'Icon.tga'.
19/08/2011 22:52:21 (Std) 	Attempting to create Imageset 'DejaVuSans-Bold_auto_glyph_images_ ' with texture only.
19/08/2011 22:52:47 (Std) 	Attempting to create Imageset 'charSelectBG' using image file 'charSelect.tga'.
19/08/2011 22:52:47 (Std) 	---- Returning existing instance of Imageset named 'charSelectBG'.
19/08/2011 22:52:47 (Std) 	Attempting to create Imageset 'charSelectIcon' using image file 'Icon.tga'.
19/08/2011 22:52:47 (Std) 	---- Returning existing instance of Imageset named 'charSelectIcon'.
19/08/2011 22:52:48 (Std) 	Attempting to create Imageset 'mainMenuBG' using image file 'background.tga'.
19/08/2011 22:52:48 (Std) 	---- Returning existing instance of Imageset named 'mainMenuBG'.
19/08/2011 22:52:54 (Std) 	Attempting to create Imageset 'charSelectBG' using image file 'charSelect.tga'.
19/08/2011 22:52:54 (Std) 	---- Returning existing instance of Imageset named 'charSelectBG'.
19/08/2011 22:52:54 (Std) 	Attempting to create Imageset 'charSelectIcon' using image file 'Icon.tga'.
19/08/2011 22:52:54 (Std) 	---- Returning existing instance of Imageset named 'charSelectIcon'.
19/08/2011 22:52:55 (Std) 	Attempting to create Imageset 'mainMenuBG' using image file 'background.tga'.
19/08/2011 22:52:55 (Std) 	---- Returning existing instance of Imageset named 'mainMenuBG'.
